WARNING: A terminally deprecated method in sun.misc.Unsafe has been called
WARNING: sun.misc.Unsafe::staticFieldBase has been called by com.google.inject.internal.aop.HiddenClassDefiner (file:/opt/homebrew/Cellar/maven/3.9.11/libexec/lib/guice-5.1.0-classes.jar)
WARNING: Please consider reporting this to the maintainers of class com.google.inject.internal.aop.HiddenClassDefiner
WARNING: sun.misc.Unsafe::staticFieldBase will be removed in a future release
[INFO] Scanning for projects...
[INFO] 
[INFO] --------------------< edu.stevens.cs549:ftp-server >--------------------
[INFO] Building FTP Server 1.0.0
[INFO]   from pom.xml
[INFO] --------------------------------[ jar ]---------------------------------
[INFO] 
[INFO] --- exec:3.5.1:java (default-cli) @ ftp-server ---
Sep 24, 2025 1:24:03 PM edu.stevens.cs549.ftpserver.ServerMain <init>
INFO: Server IP = localhost
Sep 24, 2025 1:24:03 PM edu.stevens.cs549.ftpserver.ServerMain <init>
INFO: Server port = 5050
Sep 24, 2025 1:24:03 PM edu.stevens.cs549.ftpserver.ServerMain <init>
INFO: Server name = ftpd
Sep 24, 2025 1:24:03 PM edu.stevens.cs549.ftpserver.ServerMain <init>
INFO: Root dir = root
Sep 24, 2025 1:24:03 PM edu.stevens.cs549.ftpserver.ServerMain <init>
INFO: Server bound [port=5050]
FTP Server is running on port 5050. Press Ctrl+C to stop.
