WARNING: A terminally deprecated method in sun.misc.Unsafe has been called
WARNING: sun.misc.Unsafe::staticFieldBase has been called by com.google.inject.internal.aop.HiddenClassDefiner (file:/opt/homebrew/Cellar/maven/3.9.11/libexec/lib/guice-5.1.0-classes.jar)
WARNING: Please consider reporting this to the maintainers of class com.google.inject.internal.aop.HiddenClassDefiner
WARNING: sun.misc.Unsafe::staticFieldBase will be removed in a future release
[INFO] Scanning for projects...
[INFO] ------------------------------------------------------------------------
[INFO] Reactor Build Order:
[INFO] 
[INFO] ftp                                                                [pom]
[INFO] FTP Interface                                                      [jar]
[INFO] FTP Server                                                         [jar]
[INFO] FTP Client                                                         [jar]
[INFO] 
[INFO] -----------------------< edu.stevens.cs549:ftp >------------------------
[INFO] Building ftp 1.0.0                                                 [1/4]
[INFO]   from pom.xml
[INFO] --------------------------------[ pom ]---------------------------------
[INFO] 
[INFO] --- exec:3.5.1:java (default-cli) @ ftp ---
[WARNING] 
java.lang.ClassNotFoundException: edu.stevens.cs549.ftpserver.ServerMain
    at org.codehaus.mojo.exec.URLClassLoaderBuilder$ExecJavaClassLoader.loadClass (URLClassLoaderBuilder.java:211)
    at java.lang.ClassLoader.loadClass (ClassLoader.java:490)
    at org.codehaus.mojo.exec.ExecJavaMojo.doExec (ExecJavaMojo.java:357)
    at org.codehaus.mojo.exec.ExecJavaMojo.lambda$execute$0 (ExecJavaMojo.java:280)
    at java.lang.Thread.run (Thread.java:1447)
[INFO] ------------------------------------------------------------------------
[INFO] Reactor Summary for ftp 1.0.0:
[INFO] 
[INFO] ftp ................................................ FAILURE [  0.069 s]
[INFO] FTP Interface ...................................... SKIPPED
[INFO] FTP Server ......................................... SKIPPED
[INFO] FTP Client ......................................... SKIPPED
[INFO] ------------------------------------------------------------------------
[INFO] BUILD FAILURE
[INFO] ------------------------------------------------------------------------
[INFO] Total time:  0.228 s
[INFO] Finished at: 2025-09-24T13:23:29-04:00
[INFO] ------------------------------------------------------------------------
[ERROR] Failed to execute goal org.codehaus.mojo:exec-maven-plugin:3.5.1:java (default-cli) on project ftp: An exception occurred while executing the Java class. edu.stevens.cs549.ftpserver.ServerMain -> [Help 1]
[ERROR] 
[ERROR] To see the full stack trace of the errors, re-run Maven with the -e switch.
[ERROR] Re-run Maven using the -X switch to enable full debug logging.
[ERROR] 
[ERROR] For more information about the errors and possible solutions, please read the following articles:
[ERROR] [Help 1] http://cwiki.apache.org/confluence/display/MAVEN/MojoExecutionException
